# JRE version: OpenJDK Runtime Environment (21.0.8) (build 21.0.8+-14196175-b1038.72)
# Java VM: OpenJDK 64-Bit Server VM (21.0.8+-14196175-b1038.72, mixed mode, tiered, compressed oops, compressed class ptrs, g1 gc, windows-amd64)
GC Precious Log:
 CardTable entry size: 512
 Card Set container configuration: InlinePtr #cards 4 size 8 Array Of Cards #cards 32 size 80 Howl #buckets 8 coarsen threshold 7372 Howl Bitmap #cards 1024 size 144 coarsen threshold 921 Card regions per heap region 1 cards per card region 8192
 CPUs: 8 total, 8 available
 Memory: 6081M
 Large Page Support: Disabled
 NUMA Support: Disabled
 Compressed Oops: Enabled (Zero based)
 Heap Region Size: 4M
 Heap Min Capacity: 8M
 Heap Initial Capacity: 96M
 Heap Max Capacity: 8G
 Pre-touch: Disabled
 Parallel Workers: 8
 Concurrent Workers: 2
 Concurrent Refinement Workers: 8
 Periodic GC: Disabled
Heap:
 garbage-first heap   total 1081344K, used 909486K [0x0000000600000000, 0x0000000800000000)
  region size 4096K, 132 young (540672K), 6 survivors (24576K)
 Metaspace       used 215082K, committed 217984K, reserved 1245184K
  class space    used 28450K, committed 29824K, reserved 1048576K
GC Heap History (20 events):
Event: 1149.412 GC heap before
{Heap before GC invocations=120 (full 0):
 garbage-first heap   total 1044480K, used 929245K [0x0000000600000000, 0x0000000800000000)
  region size 4096K, 115 young (471040K), 2 survivors (8192K)
 Metaspace       used 173105K, committed 175680K, reserved 1245184K
  class space    used 22959K, committed 24192K, reserved 1048576K
}
Event: 1149.460 GC heap after
{Heap after GC invocations=121 (full 0):
 garbage-first heap   total 1044480K, used 476937K [0x0000000600000000, 0x0000000800000000)
  region size 4096K, 4 young (16384K), 4 survivors (16384K)
 Metaspace       used 173105K, committed 175680K, reserved 1245184K
  class space    used 22959K, committed 24192K, reserved 1048576K
}
Event: 1162.299 GC heap before
{Heap before GC invocations=121 (full 0):
 garbage-first heap   total 1044480K, used 878345K [0x0000000600000000, 0x0000000800000000)
  region size 4096K, 103 young (421888K), 4 survivors (16384K)
 Metaspace       used 188667K, committed 191360K, reserved 1245184K
  class space    used 24889K, committed 26176K, reserved 1048576K
}
Event: 1162.344 GC heap after
{Heap after GC invocations=122 (full 0):
 garbage-first heap   total 1044480K, used 488814K [0x0000000600000000, 0x0000000800000000)
  region size 4096K, 9 young (36864K), 9 survivors (36864K)
 Metaspace       used 188667K, committed 191360K, reserved 1245184K
  class space    used 24889K, committed 26176K, reserved 1048576K
}
Event: 1167.753 GC heap before
{Heap before GC invocations=122 (full 0):
 garbage-first heap   total 1044480K, used 738670K [0x0000000600000000, 0x0000000800000000)
  region size 4096K, 71 young (290816K), 9 survivors (36864K)
 Metaspace       used 189245K, committed 191936K, reserved 1245184K
  class space    used 24956K, committed 26240K, reserved 1048576K
}
Event: 1167.807 GC heap after
{Heap after GC invocations=123 (full 0):
 garbage-first heap   total 1044480K, used 476165K [0x0000000600000000, 0x0000000800000000)
  region size 4096K, 2 young (8192K), 2 survivors (8192K)
 Metaspace       used 189245K, committed 191936K, reserved 1245184K
  class space    used 24956K, committed 26240K, reserved 1048576K
}
Event: 1175.408 GC heap before
{Heap before GC invocations=123 (full 0):
 garbage-first heap   total 1044480K, used 951301K [0x0000000600000000, 0x0000000800000000)
  region size 4096K, 119 young (487424K), 2 survivors (8192K)
 Metaspace       used 189797K, committed 192512K, reserved 1245184K
  class space    used 24976K, committed 26240K, reserved 1048576K
}
Event: 1175.514 GC heap after
{Heap after GC invocations=124 (full 0):
 garbage-first heap   total 1044480K, used 432437K [0x0000000600000000, 0x0000000800000000)
  region size 4096K, 2 young (8192K), 2 survivors (8192K)
 Metaspace       used 189797K, committed 192512K, reserved 1245184K
  class space    used 24976K, committed 26240K, reserved 1048576K
}
Event: 1178.028 GC heap before
{Heap before GC invocations=124 (full 0):
 garbage-first heap   total 1044480K, used 571701K [0x0000000600000000, 0x0000000800000000)
  region size 4096K, 38 young (155648K), 2 survivors (8192K)
 Metaspace       used 189901K, committed 192640K, reserved 1245184K
  class space    used 24987K, committed 26304K, reserved 1048576K
}
Event: 1178.058 GC heap after
{Heap after GC invocations=125 (full 0):
 garbage-first heap   total 1044480K, used 433785K [0x0000000600000000, 0x0000000800000000)
  region size 4096K, 3 young (12288K), 3 survivors (12288K)
 Metaspace       used 189901K, committed 192640K, reserved 1245184K
  class space    used 24987K, committed 26304K, reserved 1048576K
}
Event: 1206.011 GC heap before
{Heap before GC invocations=126 (full 0):
 garbage-first heap   total 1044480K, used 966265K [0x0000000600000000, 0x0000000800000000)
  region size 4096K, 133 young (544768K), 3 survivors (12288K)
 Metaspace       used 192726K, committed 195456K, reserved 1245184K
  class space    used 25160K, committed 26432K, reserved 1048576K
}
Event: 1206.099 GC heap after
{Heap after GC invocations=127 (full 0):
 garbage-first heap   total 1044480K, used 445785K [0x0000000600000000, 0x0000000800000000)
  region size 4096K, 5 young (20480K), 5 survivors (20480K)
 Metaspace       used 192726K, committed 195456K, reserved 1245184K
  class space    used 25160K, committed 26432K, reserved 1048576K
}
Event: 1237.250 GC heap before
{Heap before GC invocations=127 (full 0):
 garbage-first heap   total 1044480K, used 1035609K [0x0000000600000000, 0x0000000800000000)
  region size 4096K, 101 young (413696K), 5 survivors (20480K)
 Metaspace       used 208681K, committed 211584K, reserved 1245184K
  class space    used 27730K, committed 29120K, reserved 1048576K
}
Event: 1237.453 GC heap after
{Heap after GC invocations=128 (full 0):
 garbage-first heap   total 1081344K, used 407294K [0x0000000600000000, 0x0000000800000000)
  region size 4096K, 7 young (28672K), 7 survivors (28672K)
 Metaspace       used 208681K, committed 211584K, reserved 1245184K
  class space    used 27730K, committed 29120K, reserved 1048576K
}
Event: 1239.636 GC heap before
{Heap before GC invocations=128 (full 0):
 garbage-first heap   total 1081344K, used 501502K [0x0000000600000000, 0x0000000800000000)
  region size 4096K, 30 young (122880K), 7 survivors (28672K)
 Metaspace       used 212041K, committed 214848K, reserved 1245184K
  class space    used 28102K, committed 29440K, reserved 1048576K
}
Event: 1239.701 GC heap after
{Heap after GC invocations=129 (full 0):
 garbage-first heap   total 1081344K, used 398357K [0x0000000600000000, 0x0000000800000000)
  region size 4096K, 1 young (4096K), 1 survivors (4096K)
 Metaspace       used 212041K, committed 214848K, reserved 1245184K
  class space    used 28102K, committed 29440K, reserved 1048576K
}
Event: 1252.106 GC heap before
{Heap before GC invocations=129 (full 0):
 garbage-first heap   total 1081344K, used 996373K [0x0000000600000000, 0x0000000800000000)
  region size 4096K, 148 young (606208K), 1 survivors (4096K)
 Metaspace       used 214619K, committed 217408K, reserved 1245184K
  class space    used 28416K, committed 29760K, reserved 1048576K
}
Event: 1252.230 GC heap after
{Heap after GC invocations=130 (full 0):
 garbage-first heap   total 1081344K, used 407491K [0x0000000600000000, 0x0000000800000000)
  region size 4096K, 6 young (24576K), 6 survivors (24576K)
 Metaspace       used 214619K, committed 217408K, reserved 1245184K
  class space    used 28416K, committed 29760K, reserved 1048576K
}
Event: 1270.258 GC heap before
{Heap before GC invocations=130 (full 0):
 garbage-first heap   total 1081344K, used 825283K [0x0000000600000000, 0x0000000800000000)
  region size 4096K, 108 young (442368K), 6 survivors (24576K)
 Metaspace       used 214767K, committed 217600K, reserved 1245184K
  class space    used 28424K, committed 29760K, reserved 1048576K
}
Event: 1270.366 GC heap after
{Heap after GC invocations=131 (full 0):
 garbage-first heap   total 1081344K, used 397486K [0x0000000600000000, 0x0000000800000000)
  region size 4096K, 6 young (24576K), 6 survivors (24576K)
 Metaspace       used 214767K, committed 217600K, reserved 1245184K
  class space    used 28424K, committed 29760K, reserved 1048576K
}

