# JRE version: OpenJDK Runtime Environment (21.0.8) (build 21.0.8+-14196175-b1038.72)
# Java VM: OpenJDK 64-Bit Server VM (21.0.8+-14196175-b1038.72, mixed mode, tiered, compressed oops, compressed class ptrs, g1 gc, windows-amd64)
GC Precious Log:
 CardTable entry size: 512
 Card Set container configuration: InlinePtr #cards 4 size 8 Array Of Cards #cards 32 size 80 Howl #buckets 8 coarsen threshold 7372 Howl Bitmap #cards 1024 size 144 coarsen threshold 921 Card regions per heap region 1 cards per card region 8192
 CPUs: 8 total, 8 available
 Memory: 6081M
 Large Page Support: Disabled
 NUMA Support: Disabled
 Compressed Oops: Enabled (Zero based)
 Heap Region Size: 4M
 Heap Min Capacity: 8M
 Heap Initial Capacity: 96M
 Heap Max Capacity: 8G
 Pre-touch: Disabled
 Parallel Workers: 8
 Concurrent Workers: 2
 Concurrent Refinement Workers: 8
 Periodic GC: Disabled
Heap:
 garbage-first heap   total 1167360K, used 508946K [0x0000000600000000, 0x0000000800000000)
  region size 4096K, 2 young (8192K), 2 survivors (8192K)
 Metaspace       used 221011K, committed 223872K, reserved 1245184K
  class space    used 29246K, committed 30592K, reserved 1048576K
GC Heap History (20 events):
Event: 975.822 GC heap after
{Heap after GC invocations=123 (full 0):
 garbage-first heap   total 1167360K, used 500335K [0x0000000600000000, 0x0000000800000000)
  region size 4096K, 1 young (4096K), 1 survivors (4096K)
 Metaspace       used 213037K, committed 215936K, reserved 1245184K
  class space    used 28517K, committed 29888K, reserved 1048576K
}
Event: 1634.020 GC heap before
{Heap before GC invocations=123 (full 0):
 garbage-first heap   total 1167360K, used 856687K [0x0000000600000000, 0x0000000800000000)
  region size 4096K, 68 young (278528K), 1 survivors (4096K)
 Metaspace       used 219874K, committed 222720K, reserved 1245184K
  class space    used 29193K, committed 30528K, reserved 1048576K
}
Event: 1634.280 GC heap after
{Heap after GC invocations=124 (full 0):
 garbage-first heap   total 1167360K, used 493253K [0x0000000600000000, 0x0000000800000000)
  region size 4096K, 2 young (8192K), 2 survivors (8192K)
 Metaspace       used 219874K, committed 222720K, reserved 1245184K
  class space    used 29193K, committed 30528K, reserved 1048576K
}
Event: 1636.911 GC heap before
{Heap before GC invocations=124 (full 0):
 garbage-first heap   total 1167360K, used 546501K [0x0000000600000000, 0x0000000800000000)
  region size 4096K, 16 young (65536K), 2 survivors (8192K)
 Metaspace       used 219926K, committed 222784K, reserved 1245184K
  class space    used 29193K, committed 30528K, reserved 1048576K
}
Event: 1636.955 GC heap after
{Heap after GC invocations=125 (full 0):
 garbage-first heap   total 1167360K, used 486120K [0x0000000600000000, 0x0000000800000000)
  region size 4096K, 2 young (8192K), 2 survivors (8192K)
 Metaspace       used 219926K, committed 222784K, reserved 1245184K
  class space    used 29193K, committed 30528K, reserved 1048576K
}
Event: 1645.104 GC heap before
{Heap before GC invocations=125 (full 0):
 garbage-first heap   total 1167360K, used 633576K [0x0000000600000000, 0x0000000800000000)
  region size 4096K, 38 young (155648K), 2 survivors (8192K)
 Metaspace       used 220182K, committed 223040K, reserved 1245184K
  class space    used 29200K, committed 30528K, reserved 1048576K
}
Event: 1645.235 GC heap after
{Heap after GC invocations=126 (full 0):
 garbage-first heap   total 1167360K, used 494995K [0x0000000600000000, 0x0000000800000000)
  region size 4096K, 5 young (20480K), 5 survivors (20480K)
 Metaspace       used 220182K, committed 223040K, reserved 1245184K
  class space    used 29200K, committed 30528K, reserved 1048576K
}
Event: 1646.380 GC heap before
{Heap before GC invocations=126 (full 0):
 garbage-first heap   total 1167360K, used 531859K [0x0000000600000000, 0x0000000800000000)
  region size 4096K, 14 young (57344K), 5 survivors (20480K)
 Metaspace       used 220229K, committed 223104K, reserved 1245184K
  class space    used 29202K, committed 30528K, reserved 1048576K
}
Event: 1646.476 GC heap after
{Heap after GC invocations=127 (full 0):
 garbage-first heap   total 1167360K, used 492437K [0x0000000600000000, 0x0000000800000000)
  region size 4096K, 2 young (8192K), 2 survivors (8192K)
 Metaspace       used 220229K, committed 223104K, reserved 1245184K
  class space    used 29202K, committed 30528K, reserved 1048576K
}
Event: 1656.992 GC heap before
{Heap before GC invocations=127 (full 0):
 garbage-first heap   total 1167360K, used 611221K [0x0000000600000000, 0x0000000800000000)
  region size 4096K, 32 young (131072K), 2 survivors (8192K)
 Metaspace       used 220475K, committed 223360K, reserved 1245184K
  class space    used 29209K, committed 30528K, reserved 1048576K
}
Event: 1657.089 GC heap after
{Heap after GC invocations=128 (full 0):
 garbage-first heap   total 1167360K, used 504062K [0x0000000600000000, 0x0000000800000000)
  region size 4096K, 4 young (16384K), 4 survivors (16384K)
 Metaspace       used 220475K, committed 223360K, reserved 1245184K
  class space    used 29209K, committed 30528K, reserved 1048576K
}
Event: 1664.262 GC heap before
{Heap before GC invocations=128 (full 0):
 garbage-first heap   total 1167360K, used 545022K [0x0000000600000000, 0x0000000800000000)
  region size 4096K, 14 young (57344K), 4 survivors (16384K)
 Metaspace       used 220631K, committed 223488K, reserved 1245184K
  class space    used 29213K, committed 30528K, reserved 1048576K
}
Event: 1664.349 GC heap after
{Heap after GC invocations=129 (full 0):
 garbage-first heap   total 1167360K, used 502694K [0x0000000600000000, 0x0000000800000000)
  region size 4096K, 2 young (8192K), 2 survivors (8192K)
 Metaspace       used 220631K, committed 223488K, reserved 1245184K
  class space    used 29213K, committed 30528K, reserved 1048576K
}
Event: 1733.407 GC heap before
{Heap before GC invocations=129 (full 0):
 garbage-first heap   total 1167360K, used 650150K [0x0000000600000000, 0x0000000800000000)
  region size 4096K, 39 young (159744K), 2 survivors (8192K)
 Metaspace       used 220800K, committed 223680K, reserved 1245184K
  class space    used 29231K, committed 30592K, reserved 1048576K
}
Event: 1733.655 GC heap after
{Heap after GC invocations=130 (full 0):
 garbage-first heap   total 1167360K, used 503737K [0x0000000600000000, 0x0000000800000000)
  region size 4096K, 5 young (20480K), 5 survivors (20480K)
 Metaspace       used 220800K, committed 223680K, reserved 1245184K
  class space    used 29231K, committed 30592K, reserved 1048576K
}
Event: 1735.655 GC heap before
{Heap before GC invocations=130 (full 0):
 garbage-first heap   total 1167360K, used 540601K [0x0000000600000000, 0x0000000800000000)
  region size 4096K, 14 young (57344K), 5 survivors (20480K)
 Metaspace       used 220853K, committed 223744K, reserved 1245184K
  class space    used 29232K, committed 30592K, reserved 1048576K
}
Event: 1735.797 GC heap after
{Heap after GC invocations=131 (full 0):
 garbage-first heap   total 1167360K, used 499385K [0x0000000600000000, 0x0000000800000000)
  region size 4096K, 2 young (8192K), 2 survivors (8192K)
 Metaspace       used 220853K, committed 223744K, reserved 1245184K
  class space    used 29232K, committed 30592K, reserved 1048576K
}
Event: 1738.108 GC heap before
{Heap before GC invocations=131 (full 0):
 garbage-first heap   total 1167360K, used 556729K [0x0000000600000000, 0x0000000800000000)
  region size 4096K, 16 young (65536K), 2 survivors (8192K)
 Metaspace       used 220892K, committed 223808K, reserved 1245184K
  class space    used 29233K, committed 30592K, reserved 1048576K
}
Event: 1738.210 GC heap after
{Heap after GC invocations=132 (full 0):
 garbage-first heap   total 1167360K, used 504031K [0x0000000600000000, 0x0000000800000000)
  region size 4096K, 2 young (8192K), 2 survivors (8192K)
 Metaspace       used 220892K, committed 223808K, reserved 1245184K
  class space    used 29233K, committed 30592K, reserved 1048576K
}
Event: 1743.292 GC heap before
{Heap before GC invocations=132 (full 0):
 garbage-first heap   total 1167360K, used 553183K [0x0000000600000000, 0x0000000800000000)
  region size 4096K, 14 young (57344K), 2 survivors (8192K)
 Metaspace       used 221011K, committed 223872K, reserved 1245184K
  class space    used 29246K, committed 30592K, reserved 1048576K
}

